<?xml version="1.0" encoding="UTF-8"?>
<testng-results ignored="0" total="2" passed="2" failed="0" skipped="0">
  <reporter-output>
  </reporter-output>
  <suite started-at="2025-07-04T00:08:06 GMT-04:00" name="Surefire suite" finished-at="2025-07-04T00:08:10 GMT-04:00" duration-ms="3617">
    <groups>
    </groups>
    <test started-at="2025-07-04T00:08:06 GMT-04:00" name="Surefire test" finished-at="2025-07-04T00:08:10 GMT-04:00" duration-ms="3617">
      <class name="restassuredtests.Demo2_PostRequestTest">
        <test-method is-config="true" signature="payload()[pri:0, instance:restassuredtests.Demo2_PostRequestTest@2b546384]" started-at="2025-07-04T00:08:09 GMT-04:00" name="payload" finished-at="2025-07-04T00:08:09 GMT-04:00" duration-ms="7" status="PASS">
          <reporter-output>
          </reporter-output>
        </test-method> <!-- payload -->
        <test-method signature="testCreateUser()[pri:0, instance:restassuredtests.Demo2_PostRequestTest@2b546384]" started-at="2025-07-04T00:08:09 GMT-04:00" name="testCreateUser" finished-at="2025-07-04T00:08:10 GMT-04:00" duration-ms="433" status="PASS">
          <reporter-output>
          </reporter-output>
        </test-method> <!-- testCreateUser -->
      </class> <!-- restassuredtests.Demo2_PostRequestTest -->
      <class name="restassuredtests.Demo1_GetRequestTest">
        <test-method signature="testGetUsers()[pri:0, instance:restassuredtests.Demo1_GetRequestTest@7bb58ca3]" started-at="2025-07-04T00:08:06 GMT-04:00" name="testGetUsers" finished-at="2025-07-04T00:08:09 GMT-04:00" duration-ms="3125" status="PASS">
          <reporter-output>
          </reporter-output>
        </test-method> <!-- testGetUsers -->
      </class> <!-- restassuredtests.Demo1_GetRequestTest -->
    </test> <!-- Surefire test -->
  </suite> <!-- Surefire suite -->
</testng-results>
